-------------------------------------------------------------------------------
Test set: TestSuite
-------------------------------------------------------------------------------
Tests run: 2, Failures: 1, Errors: 0, Skipped: 0, Time elapsed: 11.848 sec <<< FAILURE! - in TestSuite
Facebook login test(example.example.tests.FaceBookLoginTest)  Time elapsed: 9.643 sec  <<< FAILURE!
java.lang.AssertionError: Login failed : Test failed expected [true] but found [false]
	at example.example.tests.FaceBookLoginTest.facebookLoginTest(FaceBookLoginTest.java:22)

