<?xml version="1.0" encoding="UTF-8"?>
<testng-results ignored="0" total="1" passed="1" failed="0" skipped="0">
  <reporter-output>
  </reporter-output>
  <suite started-at="2023-05-23T11:25:21Z" name="Suite" finished-at="2023-05-23T11:25:28Z" duration-ms="6936">
    <groups>
    </groups>
    <test started-at="2023-05-23T11:25:21Z" name="Test" finished-at="2023-05-23T11:25:28Z" duration-ms="6936">
      <class name="example.example.tests.GoogleSearchTest">
        <test-method is-config="true" signature="globalSetup()[pri:0, instance:example.example.tests.GoogleSearchTest@346d61be]" started-at="2023-05-23T11:25:21Z" name="globalSetup" test-instance-name="Google search test" finished-at="2023-05-23T11:25:21Z" duration-ms="43" status="PASS">
          <reporter-output>
          </reporter-output>
        </test-method> <!-- globalSetup -->
        <test-method is-config="true" signature="setup()[pri:0, instance:example.example.tests.GoogleSearchTest@346d61be]" started-at="2023-05-23T11:25:21Z" name="setup" test-instance-name="Google search test" finished-at="2023-05-23T11:25:23Z" duration-ms="1215" status="PASS">
          <reporter-output>
          </reporter-output>
        </test-method> <!-- setup -->
        <test-method signature="googleSearchTest()[pri:0, instance:example.example.tests.GoogleSearchTest@346d61be]" started-at="2023-05-23T11:25:23Z" name="googleSearchTest" description="Test description1" test-instance-name="Google search test" finished-at="2023-05-23T11:25:28Z" duration-ms="5417" status="PASS">
          <reporter-output>
          </reporter-output>
          <attributes>
            <attribute name="test">
              <![CDATA[]]>
            </attribute> <!-- test -->
            <attribute name="labels">
              <![CDATA[test]]>
            </attribute> <!-- labels -->
          </attributes>
        </test-method> <!-- googleSearchTest -->
        <test-method is-config="true" signature="wrapUp()[pri:0, instance:example.example.tests.GoogleSearchTest@346d61be]" started-at="2023-05-23T11:25:28Z" name="wrapUp" test-instance-name="Google search test" finished-at="2023-05-23T11:25:28Z" duration-ms="156" status="PASS">
          <reporter-output>
          </reporter-output>
        </test-method> <!-- wrapUp -->
        <test-method is-config="true" signature="wrapAllUp(org.testng.ITestContext)[pri:0, instance:example.example.tests.GoogleSearchTest@346d61be]" started-at="2023-05-23T11:25:29Z" name="wrapAllUp" test-instance-name="Google search test" finished-at="2023-05-23T11:25:32Z" duration-ms="3368" status="PASS">
          <params>
            <param index="0">
              <value>
                <![CDATA[org.testng.TestRunner@666b83a4]]>
              </value>
            </param>
          </params>
          <reporter-output>
          </reporter-output>
        </test-method> <!-- wrapAllUp -->
      </class> <!-- example.example.tests.GoogleSearchTest -->
    </test> <!-- Test -->
  </suite> <!-- Suite -->
</testng-results>
